07/03/2021 01:40:32 creating bot
07/03/2021 01:40:42 Successfully logged in
07/03/2021 01:40:45 going to target user kadikoybelediye
07/03/2021 01:40:53 looking at post of target user kadikoybelediye
07/03/2021 01:41:04 syntax error at end of input
LINE 1: SELECT * FROM blacklist WHERE account = ?
                                                 ^

07/03/2021 01:41:14 going to target user kadikoybelediye
07/03/2021 01:41:21 looking at post of target user kadikoybelediye
07/03/2021 01:41:32 syntax error at end of input
LINE 1: SELECT * FROM blacklist WHERE account = ?
                                                 ^

07/03/2021 01:41:42 going to target user kadikoybelediye
07/03/2021 01:41:50 looking at post of target user kadikoybelediye
07/03/2021 01:42:00 syntax error at end of input
LINE 1: SELECT * FROM blacklist WHERE account = ?
                                                 ^

07/03/2021 01:42:10 going to target user kadikoybelediye
07/03/2021 01:42:18 looking at post of target user kadikoybelediye
07/03/2021 01:42:28 syntax error at end of input
LINE 1: SELECT * FROM blacklist WHERE account = ?
                                                 ^

07/03/2021 01:42:38 going to target user kadikoybelediye
07/03/2021 01:42:46 looking at post of target user kadikoybelediye
07/03/2021 01:42:57 syntax error at end of input
LINE 1: SELECT * FROM blacklist WHERE account = ?
                                                 ^

07/03/2021 01:43:07 going to target user kadikoybelediye
07/03/2021 01:43:14 looking at post of target user kadikoybelediye
07/03/2021 01:43:25 syntax error at end of input
LINE 1: SELECT * FROM blacklist WHERE account = ?
                                                 ^

07/03/2021 01:43:35 going to target user kadikoybelediye
07/03/2021 01:43:43 looking at post of target user kadikoybelediye
07/03/2021 01:43:53 syntax error at end of input
LINE 1: SELECT * FROM blacklist WHERE account = ?
                                                 ^

07/03/2021 01:44:03 going to target user kadikoybelediye
07/03/2021 01:44:11 looking at post of target user kadikoybelediye
07/03/2021 01:44:22 syntax error at end of input
LINE 1: SELECT * FROM blacklist WHERE account = ?
                                                 ^

07/03/2021 01:44:32 going to target user kadikoybelediye
